TN:
SF:__tests__/infra/data/repositories/in-memory/categoriesRepositoryInMemory.ts
FN:5,CategoriesRepositoryInMemory
FN:8,create
FN:19,getAll
FN:23,getByName
FNF:4
FNH:3
FNDA:2,CategoriesRepositoryInMemory
FNDA:2,create
FNDA:0,getAll
FNDA:3,getByName
DA:1,1
DA:2,1
DA:3,1
DA:4,1
DA:5,2
DA:6,2
DA:7,2
DA:8,2
DA:9,2
DA:10,2
DA:11,2
DA:12,2
DA:13,2
DA:14,2
DA:15,2
DA:16,2
DA:17,2
DA:18,2
DA:19,2
DA:20,0
DA:21,0
DA:22,2
DA:23,2
DA:24,3
DA:25,3
DA:26,2
DA:27,2
LF:27
LH:25
BRDA:5,0,0,2
BRDA:8,1,0,2
BRDA:23,2,0,3
BRDA:24,3,0,2
BRDA:24,4,0,1
BRF:5
BRH:5
end_of_record
TN:
SF:__tests__/infra/data/repositories/in-memory/usersRepositoryInMemory.ts
FN:5,UsersRepositoryInMemory
FN:8,create
FN:21,update
FN:29,findById
FN:33,findByEmail
FNF:5
FNH:3
FNDA:4,UsersRepositoryInMemory
FNDA:3,create
FNDA:0,update
FNDA:0,findById
FNDA:4,findByEmail
DA:1,1
DA:2,1
DA:3,1
DA:4,1
DA:5,4
DA:6,4
DA:7,4
DA:8,4
DA:9,3
DA:10,3
DA:11,3
DA:12,3
DA:13,3
DA:14,3
DA:15,3
DA:16,3
DA:17,3
DA:18,3
DA:19,3
DA:20,4
DA:21,4
DA:22,0
DA:23,0
DA:24,0
DA:25,0
DA:26,0
DA:27,0
DA:28,4
DA:29,4
DA:30,0
DA:31,0
DA:32,4
DA:33,4
DA:34,4
DA:35,4
DA:36,4
DA:37,4
LF:37
LH:29
BRDA:5,0,0,4
BRDA:8,1,0,3
BRDA:33,2,0,4
BRDA:34,3,0,2
BRDA:34,4,0,3
BRF:5
BRH:5
end_of_record
TN:
SF:src/application/useCases/car/createCarUseCase.ts
FN:5,execute
FNF:1
FNH:1
FNDA:1,execute
DA:1,1
DA:2,1
DA:3,1
DA:4,1
DA:5,1
DA:6,1
LF:6
LH:6
BRDA:5,0,0,1
BRF:1
BRH:1
end_of_record
TN:
SF:src/application/useCases/category/createCategoryUseCase.ts
FN:9,CreateCategoryUseCase
FN:14,execute
FNF:2
FNH:2
FNDA:2,CreateCategoryUseCase
FNDA:3,execute
DA:1,1
DA:2,1
DA:3,1
DA:4,1
DA:5,1
DA:6,1
DA:7,1
DA:8,1
DA:9,1
DA:10,2
DA:11,2
DA:12,2
DA:13,1
DA:14,1
DA:15,3
DA:16,3
DA:17,3
DA:18,1
DA:19,1
DA:20,2
DA:21,2
DA:22,2
DA:23,1
LF:23
LH:23
BRDA:9,0,0,2
BRDA:14,1,0,3
BRDA:17,2,0,1
BRDA:20,3,0,2
BRF:4
BRH:4
end_of_record
TN:
SF:src/application/useCases/user/authenticateUserUseCase.ts
FN:12,AuthenticateUserUseCase
FN:21,execute
FNF:2
FNH:2
FNDA:4,AuthenticateUserUseCase
FNDA:4,execute
DA:1,1
DA:2,1
DA:3,1
DA:4,1
DA:5,1
DA:6,1
DA:7,1
DA:8,1
DA:9,1
DA:10,1
DA:11,1
DA:12,1
DA:13,4
DA:14,4
DA:15,4
DA:16,4
DA:17,4
DA:18,4
DA:19,4
DA:20,1
DA:21,1
DA:22,4
DA:23,4
DA:24,4
DA:25,2
DA:26,2
DA:27,2
DA:28,2
DA:29,2
DA:30,4
DA:31,1
DA:32,1
DA:33,1
DA:34,1
DA:35,1
DA:36,1
DA:37,1
DA:38,1
DA:39,1
DA:40,1
DA:41,1
DA:42,1
DA:43,1
DA:44,1
DA:45,1
DA:46,1
DA:47,1
DA:48,1
LF:48
LH:48
BRDA:12,0,0,4
BRDA:21,1,0,4
BRDA:24,2,0,2
BRDA:30,3,0,1
BRF:4
BRH:4
end_of_record
TN:
SF:src/application/useCases/user/createUserUseCase.ts
FN:9,CreateUserUseCase
FN:16,execute
FNF:2
FNH:2
FNDA:4,CreateUserUseCase
FNDA:3,execute
DA:1,1
DA:2,1
DA:3,1
DA:4,1
DA:5,1
DA:6,1
DA:7,1
DA:8,1
DA:9,1
DA:10,4
DA:11,4
DA:12,4
DA:13,4
DA:14,4
DA:15,1
DA:16,1
DA:17,3
DA:18,3
DA:19,3
DA:20,3
DA:21,1
LF:21
LH:21
BRDA:9,0,0,4
BRDA:16,1,0,3
BRF:2
BRH:2
end_of_record
TN:
SF:src/infra/data/entities/Category.ts
FN:12,Category
FNF:1
FNH:1
FNDA:2,Category
DA:1,1
DA:2,1
DA:3,1
DA:4,1
DA:5,1
DA:6,1
DA:7,1
DA:8,1
DA:9,1
DA:10,1
DA:11,1
DA:12,1
DA:13,2
DA:14,2
DA:15,2
DA:16,2
DA:17,2
DA:18,2
DA:19,2
DA:20,2
DA:21,2
DA:22,2
DA:23,2
DA:24,1
LF:24
LH:24
BRDA:12,0,0,2
BRF:1
BRH:1
end_of_record
TN:
SF:src/infra/data/entities/User.ts
FN:25,User
FNF:1
FNH:1
FNDA:3,User
DA:1,1
DA:2,1
DA:3,1
DA:4,1
DA:5,1
DA:6,1
DA:7,1
DA:8,1
DA:9,1
DA:10,1
DA:11,1
DA:12,1
DA:13,1
DA:14,1
DA:15,1
DA:16,1
DA:17,1
DA:18,1
DA:19,1
DA:20,1
DA:21,1
DA:22,1
DA:23,1
DA:24,1
DA:25,1
DA:26,3
DA:27,3
DA:28,3
DA:29,3
DA:30,3
DA:31,3
DA:32,3
DA:33,3
DA:34,3
DA:35,3
DA:36,3
DA:37,3
DA:38,3
DA:39,3
DA:40,3
DA:41,3
DA:42,3
DA:43,3
DA:44,3
DA:45,1
LF:45
LH:45
BRDA:25,0,0,3
BRF:1
BRH:1
end_of_record
TN:
SF:src/infra/data/entities/abstracts/BaseEntity.ts
FN:11,BaseEntity
FNF:1
FNH:1
FNDA:5,BaseEntity
DA:1,1
DA:2,1
DA:3,1
DA:4,1
DA:5,1
DA:6,1
DA:7,1
DA:8,1
DA:9,1
DA:10,1
DA:11,1
DA:12,5
DA:13,5
DA:14,5
DA:15,5
DA:16,5
DA:17,5
DA:18,0
DA:19,0
DA:20,5
DA:21,5
DA:22,5
DA:23,1
LF:23
LH:21
BRDA:11,0,0,5
BRDA:17,1,0,0
BRF:2
BRH:1
end_of_record
TN:
SF:src/shared/errors/AppError.ts
FN:5,AppError
FNF:1
FNH:1
FNDA:4,AppError
DA:1,1
DA:2,1
DA:3,1
DA:4,1
DA:5,1
DA:6,4
DA:7,4
DA:8,4
DA:9,1
LF:9
LH:9
BRDA:5,0,0,4
BRF:1
BRH:1
end_of_record
TN:
SF:src/shared/providers/authProvider.ts
FN:6,generateToken
FNF:1
FNH:1
FNDA:1,generateToken
DA:1,1
DA:2,1
DA:3,1
DA:4,1
DA:5,1
DA:6,1
DA:7,1
DA:8,1
DA:9,1
DA:10,1
LF:10
LH:10
BRDA:6,0,0,1
BRF:1
BRH:1
end_of_record
TN:
SF:src/shared/providers/hashProvider.ts
FN:5,compareHash
FN:11,generateHash
FNF:2
FNH:2
FNDA:2,compareHash
FNDA:5,generateHash
DA:1,1
DA:2,1
DA:3,1
DA:4,1
DA:5,1
DA:6,2
DA:7,2
DA:8,2
DA:9,2
DA:10,1
DA:11,1
DA:12,5
DA:13,5
DA:14,1
LF:14
LH:14
BRDA:5,0,0,2
BRDA:11,1,0,5
BRF:2
BRH:2
end_of_record
